
=== Sat Feb 19 18:30:23 2022

Packages were changed.
Update Mode: updateDependencies

The following packages were added:
  com.unity.ide.visualstudio@2.0.11
The following packages were updated:
  com.unity.ads from version 3.6.1 to 3.7.5
  com.unity.collab-proxy from version 1.2.16 to 1.8.0
  com.unity.ide.rider from version 1.1.4 to 1.2.1
  com.unity.purchasing from version 2.2.2 to 3.2.2
  com.unity.test-framework from version 1.1.22 to 1.1.27
  com.unity.textmeshpro from version 2.0.1 to 2.1.4
  com.unity.xr.legacyinputhelpers from version 2.1.7 to 2.1.8

=== Wed Mar 30 09:08:05 2022

Packages were changed.
Update Mode: updateDependencies

The following packages were updated:
  com.unity.analytics from version 3.3.5 to 3.6.12
  com.unity.collab-proxy from version 1.8.0 to 1.15.13
  com.unity.ide.rider from version 1.2.1 to 2.0.7
  com.unity.ide.visualstudio from version 2.0.11 to 2.0.14
  com.unity.ide.vscode from version 1.2.3 to 1.2.5
  com.unity.purchasing from version 3.2.2 to 4.1.3
  com.unity.test-framework from version 1.1.27 to 1.1.31
  com.unity.textmeshpro from version 2.1.4 to 3.0.6
  com.unity.timeline from version 1.2.18 to 1.4.8
  com.unity.xr.legacyinputhelpers from version 2.1.8 to 2.1.9

=== Wed Jun 22 10:31:10 2022

Packages were changed.
Update Mode: updateDependencies

The following packages were updated:
  com.unity.collab-proxy from version 1.15.13 to 1.15.16

=== Tue Jun 28 22:10:51 2022

Packages were changed.
Update Mode: updateDependencies

The following packages were updated:
  com.unity.collab-proxy from version 1.15.16 to 1.15.17
  com.unity.ide.visualstudio from version 2.0.14 to 2.0.15
  com.unity.purchasing from version 4.1.3 to 4.1.4

=== Thu Jul 20 17:45:02 2023

Packages were changed.
Update Mode: updateDependencies

The following packages were updated:
  com.unity.cinemachine from version 2.6.15 to 2.8.9
  com.unity.ide.rider from version 2.0.7 to 3.0.16
  com.unity.timeline from version 1.4.8 to 1.6.4
  com.unity.xr.legacyinputhelpers from version 2.1.9 to 2.1.10
The following packages were removed:
  com.unity.multiplayer-hlapi@1.0.8
